[28-Sep-2025 23:27:57 UTC] Register Error: SQLSTATE[42S22]: Column not found: 1054 Unknown column 'user_id' in 'INSERT INTO'
[28-Sep-2025 23:29:34 UTC] Register Error: SQLSTATE[42S22]: Column not found: 1054 Unknown column 'user_id' in 'INSERT INTO'
[28-Sep-2025 23:30:08 UTC] PHP Fatal error:  Uncaught PDOException: SQLSTATE[42S22]: Column not found: 1054 Unknown column 'goal_tokens' in 'SELECT' in /var/www/purepressurelive/model_dashboard.php:12
Stack trace:
#0 /var/www/purepressurelive/model_dashboard.php(12): PDO->prepare('SELECT stream_k...')
#1 {main}
  thrown in /var/www/purepressurelive/model_dashboard.php on line 12
[28-Sep-2025 23:30:58 UTC] PHP Fatal error:  Uncaught PDOException: SQLSTATE[42S22]: Column not found: 1054 Unknown column 'goal_tokens' in 'SELECT' in /var/www/purepressurelive/model_dashboard.php:12
Stack trace:
#0 /var/www/purepressurelive/model_dashboard.php(12): PDO->prepare('SELECT stream_k...')
#1 {main}
  thrown in /var/www/purepressurelive/model_dashboard.php on line 12
[29-Sep-2025 03:01:25 UTC] PHP Fatal error:  Uncaught PDOException: SQLSTATE[42S22]: Column not found: 1054 Unknown column 'goal_tokens' in 'SELECT' in /var/www/purepressurelive/model_dashboard.php:12
Stack trace:
#0 /var/www/purepressurelive/model_dashboard.php(12): PDO->prepare('SELECT stream_k...')
#1 {main}
  thrown in /var/www/purepressurelive/model_dashboard.php on line 12
[29-Sep-2025 08:51:59 UTC] PHP Fatal error:  Uncaught PDOException: SQLSTATE[42S22]: Column not found: 1054 Unknown column 'goal_tokens' in 'SELECT' in /var/www/purepressurelive/model_dashboard.php:12
Stack trace:
#0 /var/www/purepressurelive/model_dashboard.php(12): PDO->prepare('SELECT stream_k...')
#1 {main}
  thrown in /var/www/purepressurelive/model_dashboard.php on line 12
[30-Sep-2025 05:15:56 UTC] PHP Fatal error:  Uncaught PDOException: SQLSTATE[42S22]: Column not found: 1054 Unknown column 'goal_tokens' in 'SELECT' in /var/www/purepressurelive/model_dashboard.php:12
Stack trace:
#0 /var/www/purepressurelive/model_dashboard.php(12): PDO->prepare('SELECT stream_k...')
#1 {main}
  thrown in /var/www/purepressurelive/model_dashboard.php on line 12
[30-Sep-2025 06:17:28 UTC] PHP Fatal error:  Uncaught PDOException: SQLSTATE[42S22]: Column not found: 1054 Unknown column 'goal_tokens' in 'SELECT' in /var/www/purepressurelive/model_dashboard.php:12
Stack trace:
#0 /var/www/purepressurelive/model_dashboard.php(12): PDO->prepare('SELECT stream_k...')
#1 {main}
  thrown in /var/www/purepressurelive/model_dashboard.php on line 12
[30-Sep-2025 06:40:35 UTC] PHP Fatal error:  Uncaught PDOException: SQLSTATE[42S22]: Column not found: 1054 Unknown column 'goal_tokens' in 'SELECT' in /var/www/purepressurelive/model_dashboard.php:12
Stack trace:
#0 /var/www/purepressurelive/model_dashboard.php(12): PDO->prepare('SELECT stream_k...')
#1 {main}
  thrown in /var/www/purepressurelive/model_dashboard.php on line 12
[30-Sep-2025 11:04:07 UTC] PHP Fatal error:  Uncaught PDOException: SQLSTATE[42S22]: Column not found: 1054 Unknown column 'goal_tokens' in 'SELECT' in /var/www/purepressurelive/model_dashboard.php:12
Stack trace:
#0 /var/www/purepressurelive/model_dashboard.php(12): PDO->prepare('SELECT stream_k...')
#1 {main}
  thrown in /var/www/purepressurelive/model_dashboard.php on line 12
[30-Sep-2025 11:04:31 UTC] PHP Fatal error:  Uncaught PDOException: SQLSTATE[42S22]: Column not found: 1054 Unknown column 'goal_tokens' in 'SELECT' in /var/www/purepressurelive/model_dashboard.php:12
Stack trace:
#0 /var/www/purepressurelive/model_dashboard.php(12): PDO->prepare('SELECT stream_k...')
#1 {main}
  thrown in /var/www/purepressurelive/model_dashboard.php on line 12
[30-Sep-2025 11:22:13 UTC] PHP Fatal error:  Uncaught PDOException: SQLSTATE[42S22]: Column not found: 1054 Unknown column 'goal_tokens' in 'SELECT' in /var/www/purepressurelive/model_dashboard.php:12
Stack trace:
#0 /var/www/purepressurelive/model_dashboard.php(12): PDO->prepare('SELECT stream_k...')
#1 {main}
  thrown in /var/www/purepressurelive/model_dashboard.php on line 12
